#
# There is insufficient memory for the Java Runtime Environment to continue.
# Native memory allocation (malloc) failed to allocate 32744 bytes for ChunkPool::allocate
# Possible reasons:
#   The system is out of physical RAM or swap space
#   The process is running with CompressedOops enabled, and the Java Heap may be blocking the growth of the native heap
# Possible solutions:
#   Reduce memory load on the system
#   Increase physical memory or swap space
#   Check if swap backing store is full
#   Decrease Java heap size (-Xmx/-Xms)
#   Decrease number of Java threads
#   Decrease Java thread stack sizes (-Xss)
#   Set larger code cache with -XX:ReservedCodeCacheSize=
#   JVM is running with Unscaled Compressed Oops mode in which the Java heap is
#     placed in the first 4GB address space. The Java Heap base address is the
#     maximum limit for the native heap growth. Please use -XX:HeapBaseMinAddress
#     to set the Java Heap base and to place the Java Heap above 4GB virtual address.
# This output file may be truncated or incomplete.
#
#  Out of Memory Error (./src/hotspot/share/memory/arena.cpp:81), pid=9356, tid=1188
#
# JRE version: OpenJDK Runtime Environment 18.9 (11.0.14.1+1) (build 11.0.14.1+1)
# Java VM: OpenJDK 64-Bit Server VM 18.9 (11.0.14.1+1, mixed mode, tiered, compressed oops, g1 gc, windows-amd64)
# No core dump will be written. Minidumps are not enabled by default on client versions of Windows
#

---------------  S U M M A R Y ------------

Command Line: org.jetbrains.kotlin.cli.jvm.K2JVMCompiler @C:\Users\user\Documents\Development\GetZing\subscriptionpoc\node_modules\@stripe\stripe-react-native\android\build\20230915_6568985400925440788.compiler.options

Host: Intel(R) Core(TM) i7-5500U CPU @ 2.40GHz, 4 cores, 7G,  Windows 10 , 64 bit Build 19041 (10.0.19041.3155)
Time: Fri Sep 15 15:05:06 2023 W. Central Africa Standard Time elapsed time: 66.940349 seconds (0d 0h 1m 6s)

---------------  T H R E A D  ---------------

Current thread (0x0000026dd7071800):  JavaThread "C2 CompilerThread1" daemon [_thread_in_native, id=1188, stack(0x0000009665900000,0x0000009665a00000)]


Current CompileTask:
C2:  66940 5635       4       org.jetbrains.kotlin.com.intellij.util.text.CharArrayUtil::getChars (241 bytes)

Stack: [0x0000009665900000,0x0000009665a00000]
Native frames: (J=compiled Java code, j=interpreted, Vv=VM code, C=native code)
V  [jvm.dll+0x619a2a]
V  [jvm.dll+0x756479]
V  [jvm.dll+0x757b68]
V  [jvm.dll+0x758243]
V  [jvm.dll+0x24d898]
V  [jvm.dll+0xc16bb]
V  [jvm.dll+0xc1a1c]
V  [jvm.dll+0x5f98dd]
V  [jvm.dll+0x8887c]
V  [jvm.dll+0x3337ec]
V  [jvm.dll+0x3338c5]
V  [jvm.dll+0x638440]
V  [jvm.dll+0x630fbc]
V  [jvm.dll+0x6326f7]
V  [jvm.dll+0x636281]
V  [jvm.dll+0x62e05f]
V  [jvm.dll+0x62d6eb]
V  [jvm.dll+0x62b5a5]
V  [jvm.dll+0x18a78c]
V  [jvm.dll+0x18b319]
V  [jvm.dll+0x2bdf16]
V  [jvm.dll+0x6362a8]
V  [jvm.dll+0x62e05f]
V  [jvm.dll+0x62d6eb]
V  [jvm.dll+0x62b5a5]
V  [jvm.dll+0x18a78c]
V  [jvm.dll+0x2bdf16]
V  [jvm.dll+0x6362a8]
V  [jvm.dll+0x62e05f]
V  [jvm.dll+0x62d6eb]
V  [jvm.dll+0x62b5a5]
V  [jvm.dll+0x18a78c]
V  [jvm.dll+0x205a98]
V  [jvm.dll+0x187dd1]
V  [jvm.dll+0x215664]
V  [jvm.dll+0x2138ab]
V  [jvm.dll+0x719160]
V  [jvm.dll+0x7120c4]
V  [jvm.dll+0x618886]
C  [ucrtbase.dll+0x21bb2]
C  [KERNEL32.DLL+0x17614]
C  [ntdll.dll+0x526b1]


---------------  P R O C E S S  ---------------

Threads class SMR info:
_java_thread_list=0x0000026dd6ad5bc0, length=11, elements={
0x0000026db5dd9800, 0x0000026dd4577000, 0x0000026dd4562800, 0x0000026dd4583800,
0x0000026dd4585000, 0x0000026dd4586000, 0x0000026dd458a800, 0x0000026dd458f000,
0x0000026dd459d800, 0x0000026dd5064800, 0x0000026dd7071800
}

Java Threads: ( => current thread )
  0x0000026db5dd9800 JavaThread "main" [_thread_in_Java, id=16528, stack(0x0000009665b00000,0x0000009665c00000)]
  0x0000026dd4577000 JavaThread "Reference Handler" daemon [_thread_blocked, id=12548, stack(0x0000009666200000,0x0000009666300000)]
  0x0000026dd4562800 JavaThread "Finalizer" daemon [_thread_blocked, id=16624, stack(0x0000009666300000,0x0000009666400000)]
  0x0000026dd4583800 JavaThread "Signal Dispatcher" daemon [_thread_blocked, id=17212, stack(0x0000009666400000,0x0000009666500000)]
  0x0000026dd4585000 JavaThread "Attach Listener" daemon [_thread_blocked, id=14660, stack(0x0000009666500000,0x0000009666600000)]
  0x0000026dd4586000 JavaThread "Service Thread" daemon [_thread_blocked, id=7668, stack(0x0000009666600000,0x0000009666700000)]
  0x0000026dd458a800 JavaThread "C2 CompilerThread0" daemon [_thread_in_native, id=13968, stack(0x0000009666700000,0x0000009666800000)]
  0x0000026dd458f000 JavaThread "C1 CompilerThread0" daemon [_thread_in_native, id=16532, stack(0x0000009666800000,0x0000009666900000)]
  0x0000026dd459d800 JavaThread "Sweeper thread" daemon [_thread_blocked, id=14080, stack(0x0000009666900000,0x0000009666a00000)]
  0x0000026dd5064800 JavaThread "Common-Cleaner" daemon [_thread_blocked, id=14076, stack(0x0000009666b00000,0x0000009666c00000)]
=>0x0000026dd7071800 JavaThread "C2 CompilerThread1" daemon [_thread_in_native, id=1188, stack(0x0000009665900000,0x0000009665a00000)]

Other Threads:
  0x0000026dd453c000 VMThread "VM Thread" [stack: 0x0000009666100000,0x0000009666200000] [id=15412]
  0x0000026dd5055800 WatcherThread [stack: 0x0000009666a00000,0x0000009666b00000] [id=9388]
  0x0000026db5df1800 GCTaskThread "GC Thread#0" [stack: 0x0000009665c00000,0x0000009665d00000] [id=15336]
  0x0000026dd53c4000 GCTaskThread "GC Thread#1" [stack: 0x0000009666c00000,0x0000009666d00000] [id=15940]
  0x0000026dd53b4800 GCTaskThread "GC Thread#2" [stack: 0x0000009666d00000,0x0000009666e00000] [id=3796]
  0x0000026db5e23800 ConcurrentGCThread "G1 Main Marker" [stack: 0x0000009665d00000,0x0000009665e00000] [id=16412]
  0x0000026db5e25000 ConcurrentGCThread "G1 Conc#0" [stack: 0x0000009665e00000,0x0000009665f00000] [id=13796]
  0x0000026dd43b0800 ConcurrentGCThread "G1 Refine#0" [stack: 0x0000009665f00000,0x0000009666000000] [id=17064]
  0x0000026dd43b1800 ConcurrentGCThread "G1 Young RemSet Sampling" [stack: 0x0000009666000000,0x0000009666100000] [id=15820]

Threads with active compile tasks:
C2 CompilerThread0  67041 5598       4       org.jetbrains.kotlin.parsing.AbstractKotlinParsing::atSet (113 bytes)
C1 CompilerThread0  67041 5664       3       org.jetbrains.kotlin.com.intellij.util.keyFMap.PairElementsFMap::<init> (164 bytes)
C2 CompilerThread1  67041 5635       4       org.jetbrains.kotlin.com.intellij.util.text.CharArrayUtil::getChars (241 bytes)

VM state:not at safepoint (normal execution)

VM Mutex/Monitor currently owned by a thread: None

Heap address: 0x0000000081600000, size: 2026 MB, Compressed Oops mode: 32-bit
Narrow klass base: 0x0000000000000000, Narrow klass shift: 3
Compressed class space size: 1073741824 Address: 0x0000000100000000

Heap:
 garbage-first heap   total 131072K, used 72861K [0x0000000081600000, 0x0000000100000000)
  region size 1024K, 41 young (41984K), 6 survivors (6144K)
 Metaspace       used 54322K, capacity 54932K, committed 55040K, reserved 1097728K
  class space    used 6110K, capacity 6346K, committed 6400K, reserved 1048576K
Heap Regions: E=young(eden), S=young(survivor), O=old, HS=humongous(starts), HC=humongous(continues), CS=collection set, F=free, A=archive, TAMS=top-at-mark-start (previous, next)
|   0|0x0000000081600000, 0x0000000081700000, 0x0000000081700000|100%|HS|  |TAMS 0x0000000081700000, 0x0000000081600000| Complete 
|   1|0x0000000081700000, 0x0000000081800000, 0x0000000081800000|100%|HC|  |TAMS 0x0000000081800000, 0x0000000081700000| Complete 
|   2|0x0000000081800000, 0x0000000081900000, 0x0000000081900000|100%|HC|  |TAMS 0x0000000081900000, 0x0000000081800000| Complete 
|   3|0x0000000081900000, 0x0000000081a00000, 0x0000000081a00000|100%|HC|  |TAMS 0x0000000081a00000, 0x0000000081900000| Complete 
|   4|0x0000000081a00000, 0x0000000081b00000, 0x0000000081b00000|100%| O|  |TAMS 0x0000000081b00000, 0x0000000081a00000| Untracked 
|   5|0x0000000081b00000, 0x0000000081c00000, 0x0000000081c00000|100%| O|  |TAMS 0x0000000081c00000, 0x0000000081b00000| Untracked 
|   6|0x0000000081c00000, 0x0000000081d00000, 0x0000000081d00000|100%|HS|  |TAMS 0x0000000081d00000, 0x0000000081c00000| Complete 
|   7|0x0000000081d00000, 0x0000000081e00000, 0x0000000081e00000|100%|HC|  |TAMS 0x0000000081e00000, 0x0000000081d00000| Complete 
|   8|0x0000000081e00000, 0x0000000081f00000, 0x0000000081f00000|100%|HC|  |TAMS 0x0000000081f00000, 0x0000000081e00000| Complete 
|   9|0x0000000081f00000, 0x0000000082000000, 0x0000000082000000|100%|HC|  |TAMS 0x0000000082000000, 0x0000000081f00000| Complete 
|  10|0x0000000082000000, 0x0000000082100000, 0x0000000082100000|100%|HS|  |TAMS 0x0000000082000000, 0x0000000082000000| Complete 
|  11|0x0000000082100000, 0x0000000082200000, 0x0000000082200000|100%|HC|  |TAMS 0x0000000082100000, 0x0000000082100000| Complete 
|  12|0x0000000082200000, 0x0000000082300000, 0x0000000082300000|100%| O|  |TAMS 0x0000000082300000, 0x0000000082200000| Untracked 
|  13|0x0000000082300000, 0x0000000082400000, 0x0000000082400000|100%| O|  |TAMS 0x0000000082400000, 0x0000000082300000| Untracked 
|  14|0x0000000082400000, 0x0000000082500000, 0x0000000082500000|100%| O|  |TAMS 0x0000000082500000, 0x0000000082400000| Untracked 
|  15|0x0000000082500000, 0x0000000082600000, 0x0000000082600000|100%| O|  |TAMS 0x0000000082600000, 0x0000000082500000| Untracked 
|  16|0x0000000082600000, 0x0000000082700000, 0x0000000082700000|100%| O|  |TAMS 0x0000000082700000, 0x0000000082600000| Untracked 
|  17|0x0000000082700000, 0x0000000082800000, 0x0000000082800000|100%| O|  |TAMS 0x0000000082800000, 0x0000000082700000| Untracked 
|  18|0x0000000082800000, 0x0000000082900000, 0x0000000082900000|100%| O|  |TAMS 0x0000000082900000, 0x0000000082800000| Untracked 
|  19|0x0000000082900000, 0x0000000082a00000, 0x0000000082a00000|100%| O|  |TAMS 0x0000000082a00000, 0x0000000082900000| Untracked 
|  20|0x0000000082a00000, 0x0000000082b00000, 0x0000000082b00000|100%| O|  |TAMS 0x0000000082b00000, 0x0000000082a00000| Untracked 
|  21|0x0000000082b00000, 0x0000000082c00000, 0x0000000082c00000|100%| O|  |TAMS 0x0000000082c00000, 0x0000000082b00000| Untracked 
|  22|0x0000000082c00000, 0x0000000082d00000, 0x0000000082d00000|100%| O|  |TAMS 0x0000000082d00000, 0x0000000082c00000| Untracked 
|  23|0x0000000082d00000, 0x0000000082e00000, 0x0000000082e00000|100%| O|  |TAMS 0x0000000082dc7a00, 0x0000000082d00000| Untracked 
|  24|0x0000000082e00000, 0x0000000082f00000, 0x0000000082f00000|100%| O|  |TAMS 0x0000000082e00000, 0x0000000082e00000| Untracked 
|  25|0x0000000082f00000, 0x0000000082f00000, 0x0000000083000000|  0%| F|  |TAMS 0x0000000082f00000, 0x0000000082f00000| Untracked 
|  26|0x0000000083000000, 0x0000000083100000, 0x0000000083100000|100%| O|  |TAMS 0x0000000083000000, 0x0000000083000000| Untracked 
|  27|0x0000000083100000, 0x0000000083200000, 0x0000000083200000|100%| O|  |TAMS 0x0000000083100000, 0x0000000083100000| Untracked 
|  28|0x0000000083200000, 0x0000000083300000, 0x0000000083300000|100%| O|  |TAMS 0x0000000083200000, 0x0000000083200000| Untracked 
|  29|0x0000000083300000, 0x0000000083400000, 0x0000000083400000|100%| O|  |TAMS 0x0000000083300000, 0x0000000083300000| Untracked 
|  30|0x0000000083400000, 0x0000000083500000, 0x0000000083500000|100%| O|  |TAMS 0x0000000083400000, 0x0000000083400000| Untracked 
|  31|0x0000000083500000, 0x0000000083600000, 0x0000000083600000|100%| O|  |TAMS 0x0000000083500000, 0x0000000083500000| Untracked 
|  32|0x0000000083600000, 0x00000000836c8800, 0x0000000083700000| 78%| O|  |TAMS 0x0000000083600000, 0x0000000083600000| Untracked 
|  33|0x0000000083700000, 0x0000000083700000, 0x0000000083800000|  0%| F|  |TAMS 0x0000000083700000, 0x0000000083700000| Untracked 
|  34|0x0000000083800000, 0x0000000083800000, 0x0000000083900000|  0%| F|  |TAMS 0x0000000083800000, 0x0000000083800000| Untracked 
|  35|0x0000000083900000, 0x0000000083900000, 0x0000000083a00000|  0%| F|  |TAMS 0x0000000083900000, 0x0000000083900000| Untracked 
|  36|0x0000000083a00000, 0x0000000083a00000, 0x0000000083b00000|  0%| F|  |TAMS 0x0000000083a00000, 0x0000000083a00000| Untracked 
|  37|0x0000000083b00000, 0x0000000083b00000, 0x0000000083c00000|  0%| F|  |TAMS 0x0000000083b00000, 0x0000000083b00000| Untracked 
|  38|0x0000000083c00000, 0x0000000083c00000, 0x0000000083d00000|  0%| F|  |TAMS 0x0000000083c00000, 0x0000000083c00000| Untracked 
|  39|0x0000000083d00000, 0x0000000083d00000, 0x0000000083e00000|  0%| F|  |TAMS 0x0000000083d00000, 0x0000000083d00000| Untracked 
|  40|0x0000000083e00000, 0x0000000083e00000, 0x0000000083f00000|  0%| F|  |TAMS 0x0000000083e00000, 0x0000000083e00000| Untracked 
|  41|0x0000000083f00000, 0x0000000083f00000, 0x0000000084000000|  0%| F|  |TAMS 0x0000000083f00000, 0x0000000083f00000| Untracked 
|  42|0x0000000084000000, 0x0000000084000000, 0x0000000084100000|  0%| F|  |TAMS 0x0000000084000000, 0x0000000084000000| Untracked 
|  43|0x0000000084100000, 0x0000000084100000, 0x0000000084200000|  0%| F|  |TAMS 0x0000000084100000, 0x0000000084100000| Untracked 
|  44|0x0000000084200000, 0x0000000084200000, 0x0000000084300000|  0%| F|  |TAMS 0x0000000084200000, 0x0000000084200000| Untracked 
|  45|0x0000000084300000, 0x0000000084300000, 0x0000000084400000|  0%| F|  |TAMS 0x0000000084300000, 0x0000000084300000| Untracked 
|  46|0x0000000084400000, 0x0000000084400000, 0x0000000084500000|  0%| F|  |TAMS 0x0000000084400000, 0x0000000084400000| Untracked 
|  47|0x0000000084500000, 0x0000000084500000, 0x0000000084600000|  0%| F|  |TAMS 0x0000000084500000, 0x0000000084500000| Untracked 
|  48|0x0000000084600000, 0x0000000084600000, 0x0000000084700000|  0%| F|  |TAMS 0x0000000084600000, 0x0000000084600000| Untracked 
|  49|0x0000000084700000, 0x0000000084700000, 0x0000000084800000|  0%| F|  |TAMS 0x0000000084700000, 0x0000000084700000| Untracked 
|  50|0x0000000084800000, 0x0000000084800000, 0x0000000084900000|  0%| F|  |TAMS 0x0000000084800000, 0x0000000084800000| Untracked 
|  51|0x0000000084900000, 0x0000000084900000, 0x0000000084a00000|  0%| F|  |TAMS 0x0000000084900000, 0x0000000084900000| Untracked 
|  52|0x0000000084a00000, 0x0000000084a00000, 0x0000000084b00000|  0%| F|  |TAMS 0x0000000084a00000, 0x0000000084a00000| Untracked 
|  53|0x0000000084b00000, 0x0000000084b00000, 0x0000000084c00000|  0%| F|  |TAMS 0x0000000084b00000, 0x0000000084b00000| Untracked 
|  54|0x0000000084c00000, 0x0000000084c00000, 0x0000000084d00000|  0%| F|  |TAMS 0x0000000084c00000, 0x0000000084c00000| Untracked 
|  55|0x0000000084d00000, 0x0000000084d00000, 0x0000000084e00000|  0%| F|  |TAMS 0x0000000084d00000, 0x0000000084d00000| Untracked 
|  56|0x0000000084e00000, 0x0000000084e00000, 0x0000000084f00000|  0%| F|  |TAMS 0x0000000084e00000, 0x0000000084e00000| Untracked 
|  57|0x0000000084f00000, 0x0000000084f00000, 0x0000000085000000|  0%| F|  |TAMS 0x0000000084f00000, 0x0000000084f00000| Untracked 
|  58|0x0000000085000000, 0x0000000085000000, 0x0000000085100000|  0%| F|  |TAMS 0x0000000085000000, 0x0000000085000000| Untracked 
|  59|0x0000000085100000, 0x0000000085100000, 0x0000000085200000|  0%| F|  |TAMS 0x0000000085100000, 0x0000000085100000| Untracked 
|  60|0x0000000085200000, 0x0000000085200000, 0x0000000085300000|  0%| F|  |TAMS 0x0000000085200000, 0x0000000085200000| Untracked 
|  61|0x0000000085300000, 0x0000000085300000, 0x0000000085400000|  0%| F|  |TAMS 0x0000000085300000, 0x0000000085300000| Untracked 
|  62|0x0000000085400000, 0x0000000085400000, 0x0000000085500000|  0%| F|  |TAMS 0x0000000085400000, 0x0000000085400000| Untracked 
|  63|0x0000000085500000, 0x0000000085500000, 0x0000000085600000|  0%| F|  |TAMS 0x0000000085500000, 0x0000000085500000| Untracked 
|  64|0x0000000085600000, 0x0000000085600000, 0x0000000085700000|  0%| F|  |TAMS 0x0000000085600000, 0x0000000085600000| Untracked 
|  65|0x0000000085700000, 0x000000008575ec30, 0x0000000085800000| 37%| S|CS|TAMS 0x0000000085700000, 0x0000000085700000| Complete 
|  66|0x0000000085800000, 0x0000000085900000, 0x0000000085900000|100%| S|CS|TAMS 0x0000000085800000, 0x0000000085800000| Complete 
|  67|0x0000000085900000, 0x0000000085a00000, 0x0000000085a00000|100%| S|CS|TAMS 0x0000000085900000, 0x0000000085900000| Complete 
|  68|0x0000000085a00000, 0x0000000085b00000, 0x0000000085b00000|100%| S|CS|TAMS 0x0000000085a00000, 0x0000000085a00000| Complete 
|  69|0x0000000085b00000, 0x0000000085c00000, 0x0000000085c00000|100%| S|CS|TAMS 0x0000000085b00000, 0x0000000085b00000| Complete 
|  70|0x0000000085c00000, 0x0000000085c00000, 0x0000000085d00000|  0%| F|  |TAMS 0x0000000085c00000, 0x0000000085c00000| Untracked 
|  71|0x0000000085d00000, 0x0000000085d00000, 0x0000000085e00000|  0%| F|  |TAMS 0x0000000085d00000, 0x0000000085d00000| Untracked 
|  72|0x0000000085e00000, 0x0000000085e00000, 0x0000000085f00000|  0%| F|  |TAMS 0x0000000085e00000, 0x0000000085e00000| Untracked 
|  73|0x0000000085f00000, 0x0000000085f00000, 0x0000000086000000|  0%| F|  |TAMS 0x0000000085f00000, 0x0000000085f00000| Untracked 
|  74|0x0000000086000000, 0x0000000086000000, 0x0000000086100000|  0%| F|  |TAMS 0x0000000086000000, 0x0000000086000000| Untracked 
|  75|0x0000000086100000, 0x0000000086100000, 0x0000000086200000|  0%| F|  |TAMS 0x0000000086100000, 0x0000000086100000| Untracked 
|  76|0x0000000086200000, 0x0000000086200000, 0x0000000086300000|  0%| F|  |TAMS 0x0000000086200000, 0x0000000086200000| Untracked 
|  77|0x0000000086300000, 0x0000000086400000, 0x0000000086400000|100%| S|CS|TAMS 0x0000000086300000, 0x0000000086300000| Complete 
|  78|0x0000000086400000, 0x0000000086400000, 0x0000000086500000|  0%| F|  |TAMS 0x0000000086400000, 0x0000000086400000| Untracked 
|  79|0x0000000086500000, 0x0000000086500000, 0x0000000086600000|  0%| F|  |TAMS 0x0000000086500000, 0x0000000086500000| Untracked 
|  80|0x0000000086600000, 0x0000000086600000, 0x0000000086700000|  0%| F|  |TAMS 0x0000000086600000, 0x0000000086600000| Untracked 
|  81|0x0000000086700000, 0x0000000086700000, 0x0000000086800000|  0%| F|  |TAMS 0x0000000086700000, 0x0000000086700000| Untracked 
|  82|0x0000000086800000, 0x0000000086800000, 0x0000000086900000|  0%| F|  |TAMS 0x0000000086800000, 0x0000000086800000| Untracked 
|  83|0x0000000086900000, 0x0000000086900000, 0x0000000086a00000|  0%| F|  |TAMS 0x0000000086900000, 0x0000000086900000| Untracked 
|  84|0x0000000086a00000, 0x0000000086a00000, 0x0000000086b00000|  0%| F|  |TAMS 0x0000000086a00000, 0x0000000086a00000| Untracked 
|  85|0x0000000086b00000, 0x0000000086b00000, 0x0000000086c00000|  0%| F|  |TAMS 0x0000000086b00000, 0x0000000086b00000| Untracked 
|  86|0x0000000086c00000, 0x0000000086c00000, 0x0000000086d00000|  0%| F|  |TAMS 0x0000000086c00000, 0x0000000086c00000| Untracked 
|  87|0x0000000086d00000, 0x0000000086d00000, 0x0000000086e00000|  0%| F|  |TAMS 0x0000000086d00000, 0x0000000086d00000| Untracked 
|  88|0x0000000086e00000, 0x0000000086e00000, 0x0000000086f00000|  0%| F|  |TAMS 0x0000000086e00000, 0x0000000086e00000| Untracked 
|  89|0x0000000086f00000, 0x0000000086f00000, 0x0000000087000000|  0%| F|  |TAMS 0x0000000086f00000, 0x0000000086f00000| Untracked 
|  90|0x0000000087000000, 0x0000000087000000, 0x0000000087100000|  0%| F|  |TAMS 0x0000000087000000, 0x0000000087000000| Untracked 
|  91|0x0000000087100000, 0x0000000087100000, 0x0000000087200000|  0%| F|  |TAMS 0x0000000087100000, 0x0000000087100000| Untracked 
|  92|0x0000000087200000, 0x0000000087200000, 0x0000000087300000|  0%| F|  |TAMS 0x0000000087200000, 0x0000000087200000| Untracked 
|  93|0x0000000087300000, 0x0000000087400000, 0x0000000087400000|100%| E|  |TAMS 0x0000000087300000, 0x0000000087300000| Complete 
|  94|0x0000000087400000, 0x0000000087500000, 0x0000000087500000|100%| E|CS|TAMS 0x0000000087400000, 0x0000000087400000| Complete 
|  95|0x0000000087500000, 0x0000000087600000, 0x0000000087600000|100%| E|CS|TAMS 0x0000000087500000, 0x0000000087500000| Complete 
|  96|0x0000000087600000, 0x0000000087700000, 0x0000000087700000|100%| E|CS|TAMS 0x0000000087600000, 0x0000000087600000| Complete 
|  97|0x0000000087700000, 0x0000000087800000, 0x0000000087800000|100%| E|CS|TAMS 0x0000000087700000, 0x0000000087700000| Complete 
|  98|0x0000000087800000, 0x0000000087900000, 0x0000000087900000|100%| E|CS|TAMS 0x0000000087800000, 0x0000000087800000| Complete 
|  99|0x0000000087900000, 0x0000000087a00000, 0x0000000087a00000|100%| E|CS|TAMS 0x0000000087900000, 0x0000000087900000| Complete 
| 100|0x0000000087a00000, 0x0000000087b00000, 0x0000000087b00000|100%| E|CS|TAMS 0x0000000087a00000, 0x0000000087a00000| Complete 
| 101|0x0000000087b00000, 0x0000000087c00000, 0x0000000087c00000|100%| E|CS|TAMS 0x0000000087b00000, 0x0000000087b00000| Complete 
| 102|0x0000000087c00000, 0x0000000087d00000, 0x0000000087d00000|100%| E|CS|TAMS 0x0000000087c00000, 0x0000000087c00000| Complete 
| 103|0x0000000087d00000, 0x0000000087e00000, 0x0000000087e00000|100%| E|CS|TAMS 0x0000000087d00000, 0x0000000087d00000| Complete 
| 104|0x0000000087e00000, 0x0000000087f00000, 0x0000000087f00000|100%| E|CS|TAMS 0x0000000087e00000, 0x0000000087e00000| Complete 
| 105|0x0000000087f00000, 0x0000000088000000, 0x0000000088000000|100%| E|CS|TAMS 0x0000000087f00000, 0x0000000087f00000| Complete 
| 106|0x0000000088000000, 0x0000000088100000, 0x0000000088100000|100%| E|CS|TAMS 0x0000000088000000, 0x0000000088000000| Complete 
| 107|0x0000000088100000, 0x0000000088200000, 0x0000000088200000|100%| E|CS|TAMS 0x0000000088100000, 0x0000000088100000| Complete 
| 108|0x0000000088200000, 0x0000000088300000, 0x0000000088300000|100%| E|CS|TAMS 0x0000000088200000, 0x0000000088200000| Complete 
| 109|0x0000000088300000, 0x0000000088400000, 0x0000000088400000|100%| E|CS|TAMS 0x0000000088300000, 0x0000000088300000| Complete 
| 110|0x0000000088400000, 0x0000000088500000, 0x0000000088500000|100%| E|CS|TAMS 0x0000000088400000, 0x0000000088400000| Complete 
| 111|0x0000000088500000, 0x0000000088600000, 0x0000000088600000|100%| E|CS|TAMS 0x0000000088500000, 0x0000000088500000| Complete 
| 112|0x0000000088600000, 0x0000000088700000, 0x0000000088700000|100%| E|CS|TAMS 0x0000000088600000, 0x0000000088600000| Complete 
| 113|0x0000000088700000, 0x0000000088800000, 0x0000000088800000|100%| E|CS|TAMS 0x0000000088700000, 0x0000000088700000| Complete 
| 114|0x0000000088800000, 0x0000000088900000, 0x0000000088900000|100%| E|CS|TAMS 0x0000000088800000, 0x0000000088800000| Complete 
| 115|0x0000000088900000, 0x0000000088a00000, 0x0000000088a00000|100%| E|CS|TAMS 0x0000000088900000, 0x0000000088900000| Complete 
| 116|0x0000000088a00000, 0x0000000088b00000, 0x0000000088b00000|100%| E|CS|TAMS 0x0000000088a00000, 0x0000000088a00000| Complete 
| 117|0x0000000088b00000, 0x0000000088c00000, 0x0000000088c00000|100%| E|CS|TAMS 0x0000000088b00000, 0x0000000088b00000| Complete 
| 118|0x0000000088c00000, 0x0000000088d00000, 0x0000000088d00000|100%| E|CS|TAMS 0x0000000088c00000, 0x0000000088c00000| Complete 
| 119|0x0000000088d00000, 0x0000000088e00000, 0x0000000088e00000|100%| E|CS|TAMS 0x0000000088d00000, 0x0000000088d00000| Complete 
| 120|0x0000000088e00000, 0x0000000088f00000, 0x0000000088f00000|100%| E|CS|TAMS 0x0000000088e00000, 0x0000000088e00000| Complete 
| 121|0x0000000088f00000, 0x0000000089000000, 0x0000000089000000|100%| E|CS|TAMS 0x0000000088f00000, 0x0000000088f00000| Complete 
| 122|0x0000000089000000, 0x0000000089100000, 0x0000000089100000|100%| E|CS|TAMS 0x0000000089000000, 0x0000000089000000| Complete 
| 123|0x0000000089100000, 0x0000000089200000, 0x0000000089200000|100%| E|CS|TAMS 0x0000000089100000, 0x0000000089100000| Complete 
| 124|0x0000000089200000, 0x0000000089300000, 0x0000000089300000|100%| E|CS|TAMS 0x0000000089200000, 0x0000000089200000| Complete 
| 125|0x0000000089300000, 0x0000000089400000, 0x0000000089400000|100%| E|CS|TAMS 0x0000000089300000, 0x0000000089300000| Complete 
| 126|0x0000000089400000, 0x0000000089500000, 0x0000000089500000|100%| E|CS|TAMS 0x0000000089400000, 0x0000000089400000| Complete 
| 127|0x0000000089500000, 0x0000000089600000, 0x0000000089600000|100%| E|CS|TAMS 0x0000000089500000, 0x0000000089500000| Complete 

Card table byte_map: [0x0000026dcd910000,0x0000026dcdd10000] _byte_map_base: 0x0000026dcd505000

Marking Bits (Prev, Next): (CMBitMap*) 0x0000026db5e1a898, (CMBitMap*) 0x0000026db5e1a8d0
 Prev Bits: [0x0000026dce110000, 0x0000026dd00b8000)
 Next Bits: [0x0000026dd00c0000, 0x0000026dd2068000)

Polling page: 0x0000026db3c70000

Metaspace:

Usage:
  Non-class:     47.45 MB capacity,    47.09 MB (>99%) used,   285.84 KB ( <1%) free+waste,    82.25 KB ( <1%) overhead. 
      Class:      6.20 MB capacity,     5.97 MB ( 96%) used,   199.33 KB (  3%) free+waste,    34.81 KB ( <1%) overhead. 
       Both:     53.64 MB capacity,    53.06 MB ( 99%) used,   485.16 KB ( <1%) free+waste,   117.06 KB ( <1%) overhead. 

Virtual space:
  Non-class space:       48.00 MB reserved,      47.50 MB ( 99%) committed 
      Class space:        1.00 GB reserved,       6.25 MB ( <1%) committed 
             Both:        1.05 GB reserved,      53.75 MB (  5%) committed 

Chunk freelists:
   Non-Class:  54.00 KB
       Class:  0 bytes
        Both:  54.00 KB

MaxMetaspaceSize: 17179869184.00 GB
CompressedClassSpaceSize: 1.00 GB
Initial GC threshold: 20.80 MB
Current GC threshold: 58.75 MB
CDS: off

CodeHeap 'non-profiled nmethods': size=120064Kb used=3043Kb max_used=3043Kb free=117020Kb
 bounds [0x0000026dc5fd0000, 0x0000026dc62d0000, 0x0000026dcd510000]
CodeHeap 'profiled nmethods': size=120000Kb used=13189Kb max_used=13189Kb free=106810Kb
 bounds [0x0000026dbeaa0000, 0x0000026dbf790000, 0x0000026dc5fd0000]
CodeHeap 'non-nmethods': size=5696Kb used=1287Kb max_used=1326Kb free=4408Kb
 bounds [0x0000026dbe510000, 0x0000026dbe780000, 0x0000026dbeaa0000]
 total_blobs=6149 nmethods=5571 adapters=489
 compilation: enabled
              stopped_count=0, restarted_count=0
 full_count=0

Compilation events (20 events):
Event: 66.784 Thread 0x0000026dd458f000 nmethod 5649 0x0000026dbf774890 code [0x0000026dbf774a60, 0x0000026dbf774cf8]
Event: 66.784 Thread 0x0000026dd458f000 5650       3       org.jetbrains.kotlin.resolve.QualifiedExpressionResolver::storeResult$default (25 bytes)
Event: 66.785 Thread 0x0000026dd458f000 nmethod 5650 0x0000026dbf774e10 code [0x0000026dbf774fc0, 0x0000026dbf775128]
Event: 66.789 Thread 0x0000026dd458f000 5651       3       org.jetbrains.kotlin.types.model.TypeSystemContext::upperBoundIfFlexible (41 bytes)
Event: 66.790 Thread 0x0000026dd458f000 nmethod 5651 0x0000026dbf775210 code [0x0000026dbf7754e0, 0x0000026dbf776178]
Event: 66.832 Thread 0x0000026dd458f000 5652       3       org.jetbrains.kotlin.descriptors.impl.LazyPackageViewDescriptorImpl::getContainingDeclaration (35 bytes)
Event: 66.834 Thread 0x0000026dd458f000 nmethod 5652 0x0000026dbf776590 code [0x0000026dbf776840, 0x0000026dbf7773d8]
Event: 66.835 Thread 0x0000026dd458f000 5653       3       org.jetbrains.kotlin.load.kotlin.FileBasedKotlinClass$1::visitAnnotation (21 bytes)
Event: 66.836 Thread 0x0000026dd458f000 nmethod 5653 0x0000026dbf777810 code [0x0000026dbf7779e0, 0x0000026dbf777b98]
Event: 66.836 Thread 0x0000026dd458f000 5654       3       org.jetbrains.kotlin.load.kotlin.header.ReadKotlinClassHeaderAnnotationVisitor::visitAnnotation (115 bytes)
Event: 66.838 Thread 0x0000026dd458f000 nmethod 5654 0x0000026dbf777c90 code [0x0000026dbf777f40, 0x0000026dbf7789e8]
Event: 66.838 Thread 0x0000026dd458f000 5655       3       org.jetbrains.kotlin.resolve.TypeResolver::resolvePossiblyBareType (237 bytes)
Event: 66.842 Thread 0x0000026dd458f000 nmethod 5655 0x0000026dbf778d90 code [0x0000026dbf779240, 0x0000026dbf77b248]
Event: 66.842 Thread 0x0000026dd458f000 5656       3       org.jetbrains.kotlin.load.java.lazy.LazyJavaResolverContext::getModule (8 bytes)
Event: 66.842 Thread 0x0000026dd458f000 nmethod 5656 0x0000026dbf77bc90 code [0x0000026dbf77be40, 0x0000026dbf77bf58]
Event: 66.842 Thread 0x0000026dd458f000 5657       1       org.jetbrains.kotlin.load.java.lazy.descriptors.LazyJavaPackageScope$FindClassRequest::getName (5 bytes)
Event: 66.842 Thread 0x0000026dd458f000 nmethod 5657 0x0000026dc62c8c10 code [0x0000026dc62c8dc0, 0x0000026dc62c8e78]
Event: 66.846 Thread 0x0000026dd458f000 5658       3       org.jetbrains.kotlin.cli.jvm.compiler.KotlinCliJavaFileManagerImpl$knownClassNamesInPackage$1::invoke (101 bytes)
Event: 66.850 Thread 0x0000026dd458f000 nmethod 5658 0x0000026dbf77c010 code [0x0000026dbf77c460, 0x0000026dbf77e268]
Event: 66.934 Thread 0x0000026dd7071800 5635       4       org.jetbrains.kotlin.com.intellij.util.text.CharArrayUtil::getChars (241 bytes)

GC Heap History (12 events):
Event: 7.293 GC heap before
{Heap before GC invocations=0 (full 0):
 garbage-first heap   total 131072K, used 18432K [0x0000000081600000, 0x0000000100000000)
  region size 1024K, 14 young (14336K), 0 survivors (0K)
 Metaspace       used 9440K, capacity 9551K, committed 9856K, reserved 1058816K
  class space    used 780K, capacity 820K, committed 896K, reserved 1048576K
}
Event: 7.623 GC heap after
{Heap after GC invocations=1 (full 0):
 garbage-first heap   total 131072K, used 6502K [0x0000000081600000, 0x0000000100000000)
  region size 1024K, 2 young (2048K), 2 survivors (2048K)
 Metaspace       used 9440K, capacity 9551K, committed 9856K, reserved 1058816K
  class space    used 780K, capacity 820K, committed 896K, reserved 1048576K
}
Event: 18.211 GC heap before
{Heap before GC invocations=1 (full 0):
 garbage-first heap   total 131072K, used 55654K [0x0000000081600000, 0x0000000100000000)
  region size 1024K, 51 young (52224K), 2 survivors (2048K)
 Metaspace       used 21025K, capacity 21185K, committed 21248K, reserved 1069056K
  class space    used 2215K, capacity 2302K, committed 2304K, reserved 1048576K
}
Event: 18.248 GC heap after
{Heap after GC invocations=2 (full 0):
 garbage-first heap   total 131072K, used 10792K [0x0000000081600000, 0x0000000100000000)
  region size 1024K, 7 young (7168K), 7 survivors (7168K)
 Metaspace       used 21025K, capacity 21185K, committed 21248K, reserved 1069056K
  class space    used 2215K, capacity 2302K, committed 2304K, reserved 1048576K
}
Event: 30.028 GC heap before
{Heap before GC invocations=3 (full 0):
 garbage-first heap   total 131072K, used 67112K [0x0000000081600000, 0x0000000100000000)
  region size 1024K, 56 young (57344K), 7 survivors (7168K)
 Metaspace       used 30778K, capacity 31228K, committed 31488K, reserved 1077248K
  class space    used 3594K, capacity 3790K, committed 3840K, reserved 1048576K
}
Event: 30.068 GC heap after
{Heap after GC invocations=4 (full 0):
 garbage-first heap   total 131072K, used 24424K [0x0000000081600000, 0x0000000100000000)
  region size 1024K, 7 young (7168K), 7 survivors (7168K)
 Metaspace       used 30778K, capacity 31228K, committed 31488K, reserved 1077248K
  class space    used 3594K, capacity 3790K, committed 3840K, reserved 1048576K
}
Event: 33.144 GC heap before
{Heap before GC invocations=4 (full 0):
 garbage-first heap   total 131072K, used 42856K [0x0000000081600000, 0x0000000100000000)
  region size 1024K, 26 young (26624K), 7 survivors (7168K)
 Metaspace       used 35268K, capacity 35660K, committed 35840K, reserved 1081344K
  class space    used 4258K, capacity 4433K, committed 4480K, reserved 1048576K
}
Event: 33.192 GC heap after
{Heap after GC invocations=5 (full 0):
 garbage-first heap   total 131072K, used 27224K [0x0000000081600000, 0x0000000100000000)
  region size 1024K, 3 young (3072K), 3 survivors (3072K)
 Metaspace       used 35268K, capacity 35660K, committed 35840K, reserved 1081344K
  class space    used 4258K, capacity 4433K, committed 4480K, reserved 1048576K
}
Event: 41.714 GC heap before
{Heap before GC invocations=6 (full 0):
 garbage-first heap   total 131072K, used 76376K [0x0000000081600000, 0x0000000100000000)
  region size 1024K, 51 young (52224K), 3 survivors (3072K)
 Metaspace       used 44920K, capacity 45376K, committed 45696K, reserved 1089536K
  class space    used 5175K, capacity 5384K, committed 5504K, reserved 1048576K
}
Event: 41.733 GC heap after
{Heap after GC invocations=7 (full 0):
 garbage-first heap   total 131072K, used 30484K [0x0000000081600000, 0x0000000100000000)
  region size 1024K, 7 young (7168K), 7 survivors (7168K)
 Metaspace       used 44920K, capacity 45376K, committed 45696K, reserved 1089536K
  class space    used 5175K, capacity 5384K, committed 5504K, reserved 1048576K
}
Event: 55.878 GC heap before
{Heap before GC invocations=7 (full 0):
 garbage-first heap   total 131072K, used 84756K [0x0000000081600000, 0x0000000100000000)
  region size 1024K, 57 young (58368K), 7 survivors (7168K)
 Metaspace       used 49719K, capacity 50251K, committed 50560K, reserved 1093632K
  class space    used 5711K, capacity 5921K, committed 6016K, reserved 1048576K
}
Event: 55.911 GC heap after
{Heap after GC invocations=8 (full 0):
 garbage-first heap   total 131072K, used 38045K [0x0000000081600000, 0x0000000100000000)
  region size 1024K, 6 young (6144K), 6 survivors (6144K)
 Metaspace       used 49719K, capacity 50251K, committed 50560K, reserved 1093632K
  class space    used 5711K, capacity 5921K, committed 6016K, reserved 1048576K
}

Deoptimization events (20 events):
Event: 65.880 Thread 0x0000026db5dd9800 Uncommon trap: trap_request=0xffffffde fr.pc=0x0000026dc616818c relative=0x0000000000005c2c
Event: 65.880 Thread 0x0000026db5dd9800 Uncommon trap: reason=class_check action=maybe_recompile pc=0x0000026dc616818c method=org.jetbrains.kotlin.parsing.AbstractKotlinParsing.at(Lorg/jetbrains/kotlin/com/intellij/psi/tree/IElementType;)Z @ 30 c2
Event: 65.880 Thread 0x0000026db5dd9800 DEOPT PACKING pc=0x0000026dc616818c sp=0x0000009665bfc880
Event: 65.880 Thread 0x0000026db5dd9800 DEOPT UNPACKING pc=0x0000026dbe55a1af sp=0x0000009665bfc850 mode 2
Event: 66.125 Thread 0x0000026db5dd9800 Uncommon trap: trap_request=0xffffffde fr.pc=0x0000026dc616818c relative=0x0000000000005c2c
Event: 66.125 Thread 0x0000026db5dd9800 Uncommon trap: reason=class_check action=maybe_recompile pc=0x0000026dc616818c method=org.jetbrains.kotlin.parsing.AbstractKotlinParsing.at(Lorg/jetbrains/kotlin/com/intellij/psi/tree/IElementType;)Z @ 30 c2
Event: 66.125 Thread 0x0000026db5dd9800 DEOPT PACKING pc=0x0000026dc616818c sp=0x0000009665bfc8f0
Event: 66.125 Thread 0x0000026db5dd9800 DEOPT UNPACKING pc=0x0000026dbe55a1af sp=0x0000009665bfc8c0 mode 2
Event: 66.279 Thread 0x0000026db5dd9800 Uncommon trap: trap_request=0xffffff4d fr.pc=0x0000026dc6079358 relative=0x0000000000000218
Event: 66.279 Thread 0x0000026db5dd9800 Uncommon trap: reason=unstable_if action=reinterpret pc=0x0000026dc6079358 method=java.util.HashMap.hash(Ljava/lang/Object;)I @ 1 c2
Event: 66.279 Thread 0x0000026db5dd9800 DEOPT PACKING pc=0x0000026dc6079358 sp=0x0000009665bfd200
Event: 66.279 Thread 0x0000026db5dd9800 DEOPT UNPACKING pc=0x0000026dbe55a1af sp=0x0000009665bfd140 mode 2
Event: 66.279 Thread 0x0000026db5dd9800 Uncommon trap: trap_request=0xffffff4d fr.pc=0x0000026dc603392c relative=0x000000000000008c
Event: 66.279 Thread 0x0000026db5dd9800 Uncommon trap: reason=unstable_if action=reinterpret pc=0x0000026dc603392c method=java.util.HashMap.hash(Ljava/lang/Object;)I @ 1 c2
Event: 66.279 Thread 0x0000026db5dd9800 DEOPT PACKING pc=0x0000026dc603392c sp=0x0000009665bfd1a0
Event: 66.279 Thread 0x0000026db5dd9800 DEOPT UNPACKING pc=0x0000026dbe55a1af sp=0x0000009665bfd138 mode 2
Event: 66.584 Thread 0x0000026db5dd9800 Uncommon trap: trap_request=0xffffffde fr.pc=0x0000026dc62c136c relative=0x0000000000000bec
Event: 66.584 Thread 0x0000026db5dd9800 Uncommon trap: reason=class_check action=maybe_recompile pc=0x0000026dc62c136c method=org.jetbrains.kotlin.serialization.deserialization.descriptors.DeserializedPackageMemberScope.hasClass(Lorg/jetbrains/kotlin/name/Name;)Z @ 28 c2
Event: 66.584 Thread 0x0000026db5dd9800 DEOPT PACKING pc=0x0000026dc62c136c sp=0x0000009665bfcdf0
Event: 66.584 Thread 0x0000026db5dd9800 DEOPT UNPACKING pc=0x0000026dbe55a1af sp=0x0000009665bfccc0 mode 2

Classes redefined (0 events):
No events

Internal exceptions (20 events):
Event: 19.175 Thread 0x0000026db5dd9800 Exception <a 'java/lang/NoSuchMethodError'{0x00000000890658b8}: 'void java.lang.invoke.DirectMethodHandle$Holder.invokeSpecial(java.lang.Object, java.lang.Object)'> (0x00000000890658b8) thrown at [./src/hotspot/share/interpreter/linkResolver.cpp, line 773]
Event: 21.102 Thread 0x0000026db5dd9800 Exception <a 'java/lang/NoSuchMethodError'{0x0000000088866700}: 'java.lang.Object java.lang.invoke.DirectMethodHandle$Holder.invokeStatic(java.lang.Object, java.lang.Object, java.lang.Object, java.lang.Object, java.lang.Object, java.lang.Object, java.lang.Object, java.lang.Object, java.lang.Object, java.lang.Object, java.lang.Object, java.lang.Object, java.lang.Object, java.lang.Object, java.lang.Object)'> (0x0000000088866700) thrown at [./src/hotspot/share/interpreter/linkResolver.cpp, line 773]
Event: 21.122 Thread 0x0000026db5dd9800 Exception <a 'java/lang/NoSuchMethodError'{0x0000000088874708}: 'java.lang.Object java.lang.invoke.DirectMethodHandle$Holder.invokeStatic(java.lang.Object, java.lang.Object, java.lang.Object, java.lang.Object, java.lang.Object, java.lang.Object, java.lang.Object, java.lang.Object, java.lang.Object, java.lang.Object, java.lang.Object, java.lang.Object, java.lang.Object, java.lang.Object, java.lang.Object, java.lang.Object)'> (0x0000000088874708) thrown at [./src/hotspot/share/interpreter/linkResolver.cpp, l
Event: 21.126 Thread 0x0000026db5dd9800 Exception <a 'java/lang/NoSuchMethodError'{0x0000000088882860}: 'java.lang.Object java.lang.invoke.DirectMethodHandle$Holder.invokeSpecial(java.lang.Object, java.lang.Object, int, int, java.lang.Object, java.lang.Object, java.lang.Object)'> (0x0000000088882860) thrown at [./src/hotspot/share/interpreter/linkResolver.cpp, line 773]
Event: 21.127 Thread 0x0000026db5dd9800 Exception <a 'java/lang/NoSuchMethodError'{0x0000000088886098}: 'java.lang.Object java.lang.invoke.DelegatingMethodHandle$Holder.reinvoke_L(java.lang.Object, int, int, java.lang.Object, java.lang.Object, java.lang.Object)'> (0x0000000088886098) thrown at [./src/hotspot/share/interpreter/linkResolver.cpp, line 773]
Event: 21.128 Thread 0x0000026db5dd9800 Exception <a 'java/lang/NoSuchMethodError'{0x000000008888a420}: 'java.lang.Object java.lang.invoke.DirectMethodHandle$Holder.invokeStatic(java.lang.Object, java.lang.Object, java.lang.Object, java.lang.Object, int)'> (0x000000008888a420) thrown at [./src/hotspot/share/interpreter/linkResolver.cpp, line 773]
Event: 21.403 Thread 0x0000026db5dd9800 Exception <a 'java/lang/NoSuchMethodError'{0x00000000887af6d0}: 'void java.lang.invoke.DirectMethodHandle$Holder.invokeStatic(java.lang.Object, java.lang.Object, java.lang.Object, java.lang.Object)'> (0x00000000887af6d0) thrown at [./src/hotspot/share/interpreter/linkResolver.cpp, line 773]
Event: 21.870 Thread 0x0000026db5dd9800 Exception <a 'java/lang/NoSuchMethodError'{0x0000000088398438}: 'void java.lang.invoke.DirectMethodHandle$Holder.invokeStaticInit(java.lang.Object, java.lang.Object)'> (0x0000000088398438) thrown at [./src/hotspot/share/interpreter/linkResolver.cpp, line 773]
Event: 24.272 Thread 0x0000026db5dd9800 Exception <a 'java/lang/NoSuchMethodError'{0x0000000087ff9640}: 'void java.lang.invoke.DirectMethodHandle$Holder.invokeVirtual(java.lang.Object, java.lang.Object)'> (0x0000000087ff9640) thrown at [./src/hotspot/share/interpreter/linkResolver.cpp, line 773]
Event: 24.404 Thread 0x0000026db5dd9800 Exception <a 'java/lang/NoSuchMethodError'{0x0000000087e8e588}: 'int java.lang.invoke.DirectMethodHandle$Holder.invokeVirtual(java.lang.Object, java.lang.Object)'> (0x0000000087e8e588) thrown at [./src/hotspot/share/interpreter/linkResolver.cpp, line 773]
Event: 33.576 Thread 0x0000026db5dd9800 Exception <a 'java/lang/NoSuchMethodError'{0x00000000892b8dc0}: 'java.lang.Object java.lang.invoke.DirectMethodHandle$Holder.invokeVirtual(java.lang.Object, java.lang.Object, java.lang.Object)'> (0x00000000892b8dc0) thrown at [./src/hotspot/share/interpreter/linkResolver.cpp, line 773]
Event: 40.143 Thread 0x0000026db5dd9800 Exception <a 'java/lang/NoSuchMethodError'{0x00000000866b9d70}: 'java.lang.Object java.lang.invoke.Invokers$Holder.linkToTargetMethod(java.lang.Object, int, java.lang.Object)'> (0x00000000866b9d70) thrown at [./src/hotspot/share/interpreter/linkResolver.cpp, line 773]
Event: 45.430 Thread 0x0000026db5dd9800 Exception <a 'java/lang/NoSuchMethodError'{0x0000000088fb9dd0}: 'java.lang.Object java.lang.invoke.DirectMethodHandle$Holder.invokeStatic(java.lang.Object, java.lang.Object, java.lang.Object, int)'> (0x0000000088fb9dd0) thrown at [./src/hotspot/share/interpreter/linkResolver.cpp, line 773]
Event: 45.431 Thread 0x0000026db5dd9800 Exception <a 'java/lang/NoSuchMethodError'{0x0000000088fbda40}: 'java.lang.Object java.lang.invoke.DirectMethodHandle$Holder.invokeSpecial(java.lang.Object, java.lang.Object, java.lang.Object, java.lang.Object, int)'> (0x0000000088fbda40) thrown at [./src/hotspot/share/interpreter/linkResolver.cpp, line 773]
Event: 45.432 Thread 0x0000026db5dd9800 Exception <a 'java/lang/NoSuchMethodError'{0x0000000088fc0d50}: 'java.lang.Object java.lang.invoke.Invokers$Holder.linkToTargetMethod(java.lang.Object, java.lang.Object, int, java.lang.Object)'> (0x0000000088fc0d50) thrown at [./src/hotspot/share/interpreter/linkResolver.cpp, line 773]
Event: 59.143 Thread 0x0000026db5dd9800 Exception <a 'java/lang/NoSuchMethodError'{0x00000000888f6928}: 'java.lang.Object java.lang.invoke.DirectMethodHandle$Holder.invokeSpecial(java.lang.Object, java.lang.Object, java.lang.Object, java.lang.Object, java.lang.Object, java.lang.Object, java.lang.Object, java.lang.Object, java.lang.Object)'> (0x00000000888f6928) thrown at [./src/hotspot/share/interpreter/linkResolver.cpp, line 773]
Event: 59.144 Thread 0x0000026db5dd9800 Exception <a 'java/lang/NoSuchMethodError'{0x00000000888fab20}: 'java.lang.Object java.lang.invoke.Invokers$Holder.linkToTargetMethod(java.lang.Object, java.lang.Object, java.lang.Object, java.lang.Object, java.lang.Object, java.lang.Object, java.lang.Object, java.lang.Object)'> (0x00000000888fab20) thrown at [./src/hotspot/share/interpreter/linkResolver.cpp, line 773]
Event: 61.819 Thread 0x0000026db5dd9800 Implicit null exception at 0x0000026dc624c32f to 0x0000026dc624c35c
Event: 66.279 Thread 0x0000026db5dd9800 Implicit null exception at 0x0000026dc6079175 to 0x0000026dc6079348
Event: 66.279 Thread 0x0000026db5dd9800 Implicit null exception at 0x0000026dc60338af to 0x0000026dc603391d

Events (20 events):
Event: 66.580 loading class org/jetbrains/kotlin/descriptors/annotations/BuiltInAnnotationDescriptor done
Event: 66.581 loading class org/jetbrains/kotlin/descriptors/annotations/BuiltInAnnotationDescriptor$type$2
Event: 66.581 loading class org/jetbrains/kotlin/descriptors/annotations/BuiltInAnnotationDescriptor$type$2 done
Event: 66.582 loading class org/jetbrains/kotlin/descriptors/annotations/AnnotationsImpl
Event: 66.582 loading class org/jetbrains/kotlin/descriptors/annotations/AnnotationsImpl done
Event: 66.584 loading class org/jetbrains/kotlin/builtins/functions/FunctionClassKind$Companion$KindWithArity
Event: 66.584 loading class org/jetbrains/kotlin/builtins/functions/FunctionClassKind$Companion$KindWithArity done
Event: 66.585 loading class org/jetbrains/kotlin/builtins/FunctionInterfacePackageFragment
Event: 66.585 loading class org/jetbrains/kotlin/builtins/FunctionInterfacePackageFragment done
Event: 66.586 loading class org/jetbrains/kotlin/builtins/functions/FunctionClassDescriptor
Event: 66.586 loading class org/jetbrains/kotlin/builtins/functions/FunctionClassDescriptor done
Event: 66.590 loading class org/jetbrains/kotlin/builtins/functions/FunctionClassDescriptor$Companion
Event: 66.590 loading class org/jetbrains/kotlin/builtins/functions/FunctionClassDescriptor$Companion done
Event: 66.591 loading class org/jetbrains/kotlin/builtins/functions/FunctionClassDescriptor$FunctionTypeConstructor
Event: 66.591 loading class org/jetbrains/kotlin/builtins/functions/FunctionClassDescriptor$FunctionTypeConstructor done
Event: 66.592 loading class org/jetbrains/kotlin/builtins/functions/FunctionClassScope
Event: 66.592 loading class org/jetbrains/kotlin/builtins/functions/FunctionClassScope done
Event: 66.593 loading class org/jetbrains/kotlin/descriptors/impl/TypeParameterDescriptorImpl
Event: 66.593 loading class org/jetbrains/kotlin/descriptors/impl/TypeParameterDescriptorImpl done
Event: 66.782 Thread 0x0000026dd7071800 Thread added: 0x0000026dd7071800


Dynamic libraries:
0x00007ff79af70000 - 0x00007ff79af7d000 	C:\Program Files\OpenJDK\openjdk-11.0.14.1_1\bin\java.exe
0x00007ffcbdb10000 - 0x00007ffcbdd08000 	C:\WINDOWS\SYSTEM32\ntdll.dll
0x00007ffc7a670000 - 0x00007ffc7a689000 	C:\Program Files\Avast Software\Avast\aswhook.dll
0x00007ffcbcb60000 - 0x00007ffcbcc1f000 	C:\WINDOWS\System32\KERNEL32.DLL
0x00007ffcbb480000 - 0x00007ffcbb776000 	C:\WINDOWS\System32\KERNELBASE.dll
0x00007ffcbba20000 - 0x00007ffcbbb20000 	C:\WINDOWS\System32\ucrtbase.dll
0x00007ffc9c6d0000 - 0x00007ffc9c6e7000 	C:\Program Files\OpenJDK\openjdk-11.0.14.1_1\bin\jli.dll
0x00007ffcbd890000 - 0x00007ffcbda2d000 	C:\WINDOWS\System32\USER32.dll
0x00007ffcbb450000 - 0x00007ffcbb472000 	C:\WINDOWS\System32\win32u.dll
0x00007ffcbbd10000 - 0x00007ffcbbd3c000 	C:\WINDOWS\System32\GDI32.dll
0x00007ffcbb300000 - 0x00007ffcbb415000 	C:\WINDOWS\System32\gdi32full.dll
0x00007ffcbb260000 - 0x00007ffcbb2fd000 	C:\WINDOWS\System32\msvcp_win.dll
0x00007ffcb3120000 - 0x00007ffcb3135000 	C:\Program Files\OpenJDK\openjdk-11.0.14.1_1\bin\VCRUNTIME140.dll
0x00007ffca0100000 - 0x00007ffca039a000 	C:\WINDOWS\WinSxS\amd64_microsoft.windows.common-controls_6595b64144ccf1df_6.0.19041.1110_none_60b5254171f9507e\COMCTL32.dll
0x00007ffcbda30000 - 0x00007ffcbdace000 	C:\WINDOWS\System32\msvcrt.dll
0x00007ffcbbef0000 - 0x00007ffcbbf20000 	C:\WINDOWS\System32\IMM32.DLL
0x00007ffc8bef0000 - 0x00007ffc8bf8b000 	C:\Program Files\OpenJDK\openjdk-11.0.14.1_1\bin\msvcp140.dll
0x00007ffc44910000 - 0x00007ffc4541d000 	C:\Program Files\OpenJDK\openjdk-11.0.14.1_1\bin\server\jvm.dll
0x00007ffcbc6d0000 - 0x00007ffcbc77f000 	C:\WINDOWS\System32\ADVAPI32.dll
0x00007ffcbd4d0000 - 0x00007ffcbd56c000 	C:\WINDOWS\System32\sechost.dll
0x00007ffcbcc20000 - 0x00007ffcbcd46000 	C:\WINDOWS\System32\RPCRT4.dll
0x00007ffcbd4a0000 - 0x00007ffcbd4a8000 	C:\WINDOWS\System32\PSAPI.DLL
0x00007ffcac020000 - 0x00007ffcac029000 	C:\WINDOWS\SYSTEM32\WSOCK32.dll
0x00007ffcbcaf0000 - 0x00007ffcbcb5b000 	C:\WINDOWS\System32\WS2_32.dll
0x00007ffcade40000 - 0x00007ffcade67000 	C:\WINDOWS\SYSTEM32\WINMM.dll
0x00007ffcaf7b0000 - 0x00007ffcaf7ba000 	C:\WINDOWS\SYSTEM32\VERSION.dll
0x00007ffcb99e0000 - 0x00007ffcb99f2000 	C:\WINDOWS\SYSTEM32\kernel.appcore.dll
0x00007ffcb4140000 - 0x00007ffcb4150000 	C:\Program Files\OpenJDK\openjdk-11.0.14.1_1\bin\verify.dll
0x00007ffcb9020000 - 0x00007ffcb9204000 	C:\WINDOWS\SYSTEM32\DBGHELP.DLL
0x00007ffcaf100000 - 0x00007ffcaf134000 	C:\WINDOWS\SYSTEM32\dbgcore.DLL
0x00007ffcbb8e0000 - 0x00007ffcbb962000 	C:\WINDOWS\System32\bcryptPrimitives.dll
0x00007ffc99030000 - 0x00007ffc99058000 	C:\Program Files\OpenJDK\openjdk-11.0.14.1_1\bin\java.dll
0x00007ffcb3110000 - 0x00007ffcb311a000 	C:\Program Files\OpenJDK\openjdk-11.0.14.1_1\bin\jimage.dll
0x00007ffc96e70000 - 0x00007ffc96e88000 	C:\Program Files\OpenJDK\openjdk-11.0.14.1_1\bin\zip.dll
0x00007ffcbcd50000 - 0x00007ffcbd494000 	C:\WINDOWS\System32\SHELL32.dll
0x00007ffcb9210000 - 0x00007ffcb99a3000 	C:\WINDOWS\SYSTEM32\windows.storage.dll
0x00007ffcbc790000 - 0x00007ffcbcae4000 	C:\WINDOWS\System32\combase.dll
0x00007ffcbaa80000 - 0x00007ffcbaaae000 	C:\WINDOWS\SYSTEM32\Wldp.dll
0x00007ffcbd7e0000 - 0x00007ffcbd88d000 	C:\WINDOWS\System32\SHCORE.dll
0x00007ffcbd6a0000 - 0x00007ffcbd6f5000 	C:\WINDOWS\System32\shlwapi.dll
0x00007ffcbb120000 - 0x00007ffcbb145000 	C:\WINDOWS\SYSTEM32\profapi.dll
0x00007ffc93310000 - 0x00007ffc93329000 	C:\Program Files\OpenJDK\openjdk-11.0.14.1_1\bin\net.dll
0x00007ffcb0010000 - 0x00007ffcb011a000 	C:\WINDOWS\SYSTEM32\WINHTTP.dll
0x00007ffcba860000 - 0x00007ffcba8ca000 	C:\WINDOWS\system32\mswsock.dll
0x00007ffc904a0000 - 0x00007ffc904b3000 	C:\Program Files\OpenJDK\openjdk-11.0.14.1_1\bin\nio.dll

dbghelp: loaded successfully - version: 4.0.5 - missing functions: none
symbol engine: initialized successfully - sym options: 0x614 - pdb path: .;C:\Program Files\OpenJDK\openjdk-11.0.14.1_1\bin;C:\WINDOWS\SYSTEM32;C:\Program Files\Avast Software\Avast;C:\WINDOWS\WinSxS\amd64_microsoft.windows.common-controls_6595b64144ccf1df_6.0.19041.1110_none_60b5254171f9507e;C:\Program Files\OpenJDK\openjdk-11.0.14.1_1\bin\server

VM Arguments:
java_command: org.jetbrains.kotlin.cli.jvm.K2JVMCompiler @C:\Users\user\Documents\Development\GetZing\subscriptionpoc\node_modules\@stripe\stripe-react-native\android\build\20230915_6568985400925440788.compiler.options
java_class_path (initial): C:\Users\user\.gradle\caches\modules-2\files-2.1\org.jetbrains.kotlin\kotlin-compiler-embeddable\1.8.0\eb9118d4bcceaa2a94b2ae2a33a4ddba7c9a947f\kotlin-compiler-embeddable-1.8.0.jar;C:\Users\user\.gradle\caches\modules-2\files-2.1\org.jetbrains.kotlin\kotlin-stdlib\1.8.0\1796921c7a3e2e2665a83e6c8d33399336cd39bc\kotlin-stdlib-1.8.0.jar;C:\Users\user\.gradle\caches\modules-2\files-2.1\org.jetbrains.kotlin\kotlin-script-runtime\1.8.0\b2f7e760d283cb339974851c222a4c1d48f2d3d\kotlin-script-runtime-1.8.0.jar;C:\Users\user\.gradle\caches\modules-2\files-2.1\org.jetbrains.kotlin\kotlin-reflect\1.6.10\1cbe9c92c12a94eea200d23c2bbaedaf3daf5132\kotlin-reflect-1.6.10.jar;C:\Users\user\.gradle\caches\modules-2\files-2.1\org.jetbrains.kotlin\kotlin-daemon-embeddable\1.8.0\d255216c551685dc3a7e852b53617f5f01aaaa5c\kotlin-daemon-embeddable-1.8.0.jar;C:\Users\user\.gradle\caches\modules-2\files-2.1\org.jetbrains.intellij.deps\trove4j\1.0.20200330\3afb14d5f9ceb459d724e907a21145e8ff394f02\trove4j-1.0.20200330.jar;C:\Users\user\.gradle\caches\modules-2\files-2.1\net.java.dev.jna\jna\5.6.0\330f2244e9030119ab3030fc3fededc86713d9cc\jna-5.6.0.jar;C:\Users\user\.gradle\caches\modules-2\files-2.1\org.jetbrains.kotlin\kotlin-stdlib-common\1.8.0\f7197e7cc76453ac59f8b0f8d5137cc600becd36\kotlin-stdlib-common-1.8.0.jar;C:\Users\user\.gradle\caches\modules-2\files-2.1\org.jetbrains\annotations\13.0\919f0dfe192fb4e063e7dacadee7f8bb9a2672a9\annotations-13.0.jar
Launcher Type: SUN_STANDARD

[Global flags]
     intx CICompilerCount                          = 3                                         {product} {ergonomic}
     uint ConcGCThreads                            = 1                                         {product} {ergonomic}
     uint G1ConcRefinementThreads                  = 4                                         {product} {ergonomic}
   size_t G1HeapRegionSize                         = 1048576                                   {product} {ergonomic}
    uintx GCDrainStackTargetSize                   = 64                                        {product} {ergonomic}
   size_t InitialHeapSize                          = 134217728                                 {product} {ergonomic}
   size_t MarkStackSize                            = 4194304                                   {product} {ergonomic}
   size_t MaxHeapSize                              = 2124414976                                {product} {ergonomic}
   size_t MaxNewSize                               = 1274019840                                {product} {ergonomic}
   size_t MinHeapDeltaBytes                        = 1048576                                   {product} {ergonomic}
    uintx NonNMethodCodeHeapSize                   = 5830732                                {pd product} {ergonomic}
    uintx NonProfiledCodeHeapSize                  = 122913754                              {pd product} {ergonomic}
    uintx ProfiledCodeHeapSize                     = 122913754                              {pd product} {ergonomic}
    uintx ReservedCodeCacheSize                    = 251658240                              {pd product} {ergonomic}
     bool SegmentedCodeCache                       = true                                      {product} {ergonomic}
     bool UseCompressedClassPointers               = true                                 {lp64_product} {ergonomic}
     bool UseCompressedOops                        = true                                 {lp64_product} {ergonomic}
     bool UseG1GC                                  = true                                      {product} {ergonomic}
     bool UseLargePagesIndividualAllocation        = false                                  {pd product} {ergonomic}

Logging:
Log output configuration:
 #0: stdout all=warning uptime,level,tags
 #1: stderr all=off uptime,level,tags

Environment Variables:
JAVA_HOME=C:\Program Files\OpenJDK\openjdk-11.0.14.1_1
CLASSPATH=C:\Users\user\Documents\Development\GetZing\subscriptionpoc\android\\gradle\wrapper\gradle-wrapper.jar
PATH=C:\Users\user\Documents\Development\GetZing\subscriptionpoc\node_modules\.bin;C:\Users\user\Documents\Development\GetZing\subscriptionpoc\node_modules\.bin;C:\Users\user\Documents\Development\GetZing\node_modules\.bin;C:\Users\user\Documents\Development\node_modules\.bin;C:\Users\user\Documents\node_modules\.bin;C:\Users\user\node_modules\.bin;C:\Users\node_modules\.bin;C:\node_modules\.bin;C:\Users\user\AppData\Roaming\npm\node_modules\npm\node_modules\@npmcli\run-script\lib\node-gyp-bin;C:\Users\user\bin;C:\Program Files\Git\mingw64\bin;C:\Program Files\Git\usr\local\bin;C:\Program Files\Git\usr\bin;C:\Program Files\Git\usr\bin;C:\Program Files\Git\cmd;C:\Program Files\Common Files\Oracle\Java\javapath;C:\Program Files (x86)\Common Files\Oracle\Java\javapath;C:\WINDOWS\system32;C:\WINDOWS;C:\WINDOWS\System32\Wbem;C:\WINDOWS\System32\WindowsPowerShell\v1.0;C:\WINDOWS\System32\OpenSSH;C:\Program Files (x86)\Common Files\lenovo\easyplussdk\bin;C:\Android\tools\bin\platform-tools;C:\Users\user\AppData\Local\Android\Sdk;C:\Users\user\AppData\Local\Android\Sdk\platform-tools;C:\ProgramData\chocolatey\bin;C:\Program Files\Git\cmd;C:\xampp\php;C:\ProgramData\ComposerSetup\bin;C:\Python27;C:\Program Files\Java\jdk-17.0.3\bin;C:\Program Files\OpenJDK\openjdk-11.0.14.1_1\bin;C:\Windows\System32;C:\Program Files\Go\bin;C:\Program Files\PuTTY;C:\Program Files\Docker\Docker\resources\bin;C:\Program Files\nodejs;C:\Program Files\Amazon\AWSCLIV2;C:\TDM-GCC-64\bin;C:\Program Files\MySQL\MySQL Shell 8.0\bin;C:\source\flutter\flutter\bin;C:\Users\user\AppData\Local\Programs\Microsoft VS Code\bin;C:\Users\user\.android\sdk;C:\Users\user\AppData\Local\Programs\Python\Python310\Scripts;C:\Users\user\AppData\Local\Programs\Python\Python310;C:\Windows\System32;C:\Users\user\go\bin;C:\Program Files\MySQL\MySQL Server 8.0\bin;C:\Users\user\AppData\Roaming\npm;C:\Program Files\Git\usr\bin\vendor_perl;C:\Program Files\Git\usr\bin\core_perl
USERNAME=user
SHELL=C:\Program Files\Git\usr\bin\bash.exe
DISPLAY=needs-to-be-defined
LANG=en_US.UTF-8
OS=Windows_NT
PROCESSOR_IDENTIFIER=Intel64 Family 6 Model 61 Stepping 4, GenuineIntel



---------------  S Y S T E M  ---------------

OS: Windows 10 , 64 bit Build 19041 (10.0.19041.3155)
OS uptime: 0 days 2:31 hours
Hyper-V role detected

CPU:total 4 (initial active 4) (2 cores per cpu, 2 threads per core) family 6 model 61 stepping 4 microcode 0x2d, cmov, cx8, fxsr, mmx, sse, sse2, sse3, ssse3, sse4.1, sse4.2, popcnt, avx, avx2, aes, clmul, erms, 3dnowpref, lzcnt, ht, tsc, tscinvbit, bmi1, bmi2, adx, fma

Memory: 4k page, system-wide physical 8099M (435M free)
TotalPageFile size 14688M (AvailPageFile size 0M)
current process WorkingSet (physical memory assigned to process): 235M, peak: 239M
current process commit charge ("private bytes"): 303M, peak: 307M

vm_info: OpenJDK 64-Bit Server VM (11.0.14.1+1) for windows-amd64 JRE (11.0.14.1+1), built on Feb  9 2022 18:53:32 by "" with unknown MS VC++:1916

END.
